14/10/2024-02:31:37 : File 'logfile.log' <Type:Log> created and loaded into filesystem.
14/10/2024-02:31:37 : File 'users.csv' <Type:File-user-data> created and loaded into filesystem.
14/10/2024-02:32:07 : Users data file closed and saved to file 'users.csv'.
14/10/2024-02:32:07 : Filesystem <FAT> closed and saved to file 'logfile.log'.
14/10/2024-02:36:27 : File 'logfile.log' <Type:Log> loaded into filesystem.
14/10/2024-02:36:27 : File 'users.csv' <Type:File-user-data> loaded into filesystem.
14/10/2024-02:36:29 : [Log-in]: attempting to authenticate ''.
14/10/2024-02:36:29 : [Log-in]: user '' not found.
14/10/2024-02:36:32 : [Log-in]: attempting to authenticate 'qweqw'.
14/10/2024-02:36:32 : [Log-in]: user 'qweqw' not found.
14/10/2024-02:36:47 : [Log-in]: attempting to authenticate 'username01'.
14/10/2024-02:36:47 : [Log-in]: user 'username01' not found.
14/10/2024-02:37:13 : [Log-in]: attempting to authenticate 'username01'.
14/10/2024-02:37:13 : [Log-in]: user 'username01' not found.
14/10/2024-02:37:18 : Users data file closed and saved to file 'users.csv'.
14/10/2024-02:37:18 : Filesystem <FAT> closed and saved to file 'logfile.log'.
14/10/2024-02:38:36 : File 'logfile.log' <Type:Log> loaded into filesystem.
14/10/2024-02:38:36 : File 'users.csv' <Type:File-user-data> loaded into filesystem.
14/10/2024-02:40:38 : Users data file closed and saved to file 'users.csv'.
14/10/2024-02:40:38 : Filesystem <FAT> closed and saved to file 'logfile.log'.
14/10/2024-02:40:43 : File 'logfile.log' <Type:Log> loaded into filesystem.
14/10/2024-02:40:43 : File 'users.csv' <Type:File-user-data> loaded into filesystem.
14/10/2024-02:42:10 : [Log-in]: attempting to authenticate ''.
14/10/2024-02:42:10 : [Log-in]: user '' not found.
14/10/2024-02:42:45 : [Log-in]: attempting to authenticate 'username01'.
14/10/2024-02:42:45 : [Log-in]: user 'username01' not found.
14/10/2024-02:42:47 : Users data file closed and saved to file 'users.csv'.
14/10/2024-02:42:47 : Filesystem <FAT> closed and saved to file 'logfile.log'.
14/10/2024-02:46:56 : File 'logfile.log' <Type:Log> loaded into filesystem.
14/10/2024-02:46:56 : File 'users.csv' <Type:File-user-data> loaded into filesystem.
14/10/2024-02:47:11 : [Log-in]: attempting to authenticate 'username'.
14/10/2024-02:47:11 : [Log-in]: user 'username' not found.
14/10/2024-02:47:16 : [Log-in]: attempting to authenticate 'username01'.
14/10/2024-02:47:16 : [Log-in]: user 'username01' not found.
14/10/2024-02:47:20 : [Log-in]: attempting to authenticate 'username03'.
14/10/2024-02:47:20 : [Log-in]: user 'username03' not found.
14/10/2024-02:47:37 : Users data file closed and saved to file 'users.csv'.
14/10/2024-02:47:37 : Filesystem <FAT> closed and saved to file 'logfile.log'.
14/10/2024-02:48:29 : File 'logfile.log' <Type:Log> loaded into filesystem.
14/10/2024-02:48:29 : File 'users.csv' <Type:File-user-data> loaded into filesystem.
14/10/2024-02:48:42 : [Log-in]: attempting to authenticate 'username'.
14/10/2024-02:48:42 : [Log-in]: user 'username' not found.
14/10/2024-02:48:45 : [Log-in]: attempting to authenticate 'username'.
14/10/2024-02:48:45 : [Log-in]: user 'username' not found.
14/10/2024-02:48:51 : [Log-in]: attempting to authenticate 'username01'.
14/10/2024-02:48:51 : [Log-in]: user 'username01' not found.
14/10/2024-02:48:54 : [Log-in]: attempting to authenticate 'username01'.
14/10/2024-02:48:54 : [Log-in]: user 'username01' not found.
14/10/2024-02:49:01 : [Log-in]: attempting to authenticate 'username01'.
14/10/2024-02:49:01 : [Log-in]: user 'username01' not found.
14/10/2024-02:49:06 : Users data file closed and saved to file 'users.csv'.
14/10/2024-02:49:06 : Filesystem <FAT> closed and saved to file 'logfile.log'.
14/10/2024-02:51:06 : File 'logfile.log' <Type:Log> loaded into filesystem.
14/10/2024-02:51:06 : File 'users.csv' <Type:File-user-data> loaded into filesystem.
14/10/2024-02:51:16 : [Log-in]: attempting to authenticate 'username01'.
14/10/2024-02:51:16 : [Log-in]: user 'username01' not found.
14/10/2024-02:51:21 : Users data file closed and saved to file 'useîìïbˆ‚Úˆ^(°Ó3bØ,Ä•ÏXrs.csv'.
14/10/2024-02:51:21 : Filesystem <FAT> closed and saved to file 'logfile.log'.
14/10/2024-02:53:35 : File 'logfile.log' <Type:Log> loaded into filesystem.
14/10/2024-02:53:35 : File 'users.csv' <Type:File-user-data> loaded into filesystem.
14/10/2024-02:54:10 : [Log-in]: attempting to authenticate 'username01'.
14/10/2024-02:54:10 : [Log-in]: user 'username01' not found.
14/10/2024-02:54:21 : [Log-in]: attempting to authenticate 'username01'.
14/10/2024-02:54:21 : [Log-in]: user 'username01' not found.
14/10/2024-02:54:32 : [Log-in]: attempting to authenticate 'username01'.
14/10/2024-02:54:32 : [Log-in]: user 'username01' not found.
14/10/2024-02:54:39 : Users data file closed and saved to file 'users.csv'.
14/10/2024-02:54:39 : Filesystem <FAT> closed and saved to file 'logfile.log'.
14/10/2024-02:57:08 : File 'logfile.log' <Type:Log> loaded into filesystem.
14/10/2024-02:57:08 : File 'users.csv' <Type:File-user-data> loaded into filesystem.
14/10/2024-02:57:23 : [Log-in]: attempting to authenticate 'username01'.
14/10/2024-02:57:23 : [Log-in]: user 'username01' not found.
14/10/2024-02:57:36 : Users data file closed and saved to file 'users.csv'.
14/10/2024-02:57:36 : Filesystem <FAT> closed and saved to file 'logfile.log'.
14/10/2024-02:59:24 : File 'logfile.log' <Type:Log> loaded into filesystem.
14/10/2024-02:59:24 : File 'users.csv' <Type:File-user-data> loaded into filesystem.
14/10/2024-02:59:36 : [Log-in]: attempting to authenticate 'username03'.
14/10/2024-02:59:36 : [Log-in]: user 'username03' not found.
14/10/2024-02:59:40 : Users data file closed and saved to file 'users.csv'.
14/10/2024-02:59:40 : Filesystem <FAT> closed and saved to file 'logfile.log'.
